# JRE version: OpenJDK Runtime Environment Temurin-17.0.5+8 (17.0.5+8) (build 17.0.5+8)
# Java VM: OpenJDK 64-Bit Server VM Temurin-17.0.5+8 (17.0.5+8, mixed mode, tiered, compressed oops, compressed class ptrs, parallel gc, windows-amd64)
GC Precious Log:
 CPUs: 4 total, 4 available
 Memory: 16295M
 Large Page Support: Disabled
 NUMA Support: Disabled
 Compressed Oops: Enabled (32-bit)
 Alignments: Space 512K, Generation 512K, Heap 2M
 Heap Min Capacity: 100M
 Heap Initial Capacity: 100M
 Heap Max Capacity: 1G
 Pre-touch: Disabled
 Parallel Workers: 4
Heap:
 PSYoungGen      total 38400K, used 20344K [0x00000000eab00000, 0x00000000ed680000, 0x0000000100000000)
  eden space 34304K, 47% used [0x00000000eab00000,0x00000000ebae6d60,0x00000000ecc80000)
  from space 4096K, 99% used [0x00000000ed280000,0x00000000ed6775c0,0x00000000ed680000)
  to   space 4608K, 0% used [0x00000000ecd80000,0x00000000ecd80000,0x00000000ed200000)
 ParOldGen       total 364032K, used 290597K [0x00000000c0000000, 0x00000000d6380000, 0x00000000eab00000)
  object space 364032K, 79% used [0x00000000c0000000,0x00000000d1bc97d8,0x00000000d6380000)
 Metaspace       used 80010K, committed 81024K, reserved 1122304K
  class space    used 8088K, committed 8512K, reserved 1048576K
GC Heap History (20 events):
Event: 21074.572 GC heap before
{Heap before GC invocations=180 (full 12):
 PSYoungGen      total 32256K, used 32000K [0x00000000eab00000, 0x00000000ecd80000, 0x0000000100000000)
  eden space 30720K, 100% used [0x00000000eab00000,0x00000000ec900000,0x00000000ec900000)
  from space 1536K, 83% used [0x00000000ecc00000,0x00000000ecd40000,0x00000000ecd80000)
  to   space 2048K, 0% used [0x00000000ec980000,0x00000000ec980000,0x00000000ecb80000)
 ParOldGen       total 364032K, used 283600K [0x00000000c0000000, 0x00000000d6380000, 0x00000000eab00000)
  object space 364032K, 77% used [0x00000000c0000000,0x00000000d14f4238,0x00000000d6380000)
 Metaspace       used 79433K, committed 80384K, reserved 1122304K
  class space    used 8045K, committed 8448K, reserved 1048576K
}
Event: 21074.576 GC heap after
{Heap after GC invocations=180 (full 12):
 PSYoungGen      total 33280K, used 1844K [0x00000000eab00000, 0x00000000ecf80000, 0x0000000100000000)
  eden space 31232K, 0% used [0x00000000eab00000,0x00000000eab00000,0x00000000ec980000)
  from space 2048K, 90% used [0x00000000ec980000,0x00000000ecb4d258,0x00000000ecb80000)
  to   space 2048K, 0% used [0x00000000ecd80000,0x00000000ecd80000,0x00000000ecf80000)
 ParOldGen       total 364032K, used 285081K [0x00000000c0000000, 0x00000000d6380000, 0x00000000eab00000)
  object space 364032K, 78% used [0x00000000c0000000,0x00000000d1666708,0x00000000d6380000)
 Metaspace       used 79433K, committed 80384K, reserved 1122304K
  class space    used 8045K, committed 8448K, reserved 1048576K
}
Event: 21074.611 GC heap before
{Heap before GC invocations=181 (full 12):
 PSYoungGen      total 33280K, used 32266K [0x00000000eab00000, 0x00000000ecf80000, 0x0000000100000000)
  eden space 31232K, 97% used [0x00000000eab00000,0x00000000ec8b5878,0x00000000ec980000)
  from space 2048K, 90% used [0x00000000ec980000,0x00000000ecb4d258,0x00000000ecb80000)
  to   space 2048K, 0% used [0x00000000ecd80000,0x00000000ecd80000,0x00000000ecf80000)
 ParOldGen       total 364032K, used 285081K [0x00000000c0000000, 0x00000000d6380000, 0x00000000eab00000)
  object space 364032K, 78% used [0x00000000c0000000,0x00000000d1666708,0x00000000d6380000)
 Metaspace       used 79433K, committed 80384K, reserved 1122304K
  class space    used 8045K, committed 8448K, reserved 1048576K
}
Event: 21074.614 GC heap after
{Heap after GC invocations=181 (full 12):
 PSYoungGen      total 33792K, used 2025K [0x00000000eab00000, 0x00000000ed380000, 0x0000000100000000)
  eden space 31744K, 0% used [0x00000000eab00000,0x00000000eab00000,0x00000000eca00000)
  from space 2048K, 98% used [0x00000000ecd80000,0x00000000ecf7a4d0,0x00000000ecf80000)
  to   space 3584K, 0% used [0x00000000eca00000,0x00000000eca00000,0x00000000ecd80000)
 ParOldGen       total 364032K, used 285943K [0x00000000c0000000, 0x00000000d6380000, 0x00000000eab00000)
  object space 364032K, 78% used [0x00000000c0000000,0x00000000d173dc08,0x00000000d6380000)
 Metaspace       used 79433K, committed 80384K, reserved 1122304K
  class space    used 8045K, committed 8448K, reserved 1048576K
}
Event: 21074.656 GC heap before
{Heap before GC invocations=182 (full 12):
 PSYoungGen      total 33792K, used 33603K [0x00000000eab00000, 0x00000000ed380000, 0x0000000100000000)
  eden space 31744K, 99% used [0x00000000eab00000,0x00000000ec9d6930,0x00000000eca00000)
  from space 2048K, 98% used [0x00000000ecd80000,0x00000000ecf7a4d0,0x00000000ecf80000)
  to   space 3584K, 0% used [0x00000000eca00000,0x00000000eca00000,0x00000000ecd80000)
 ParOldGen       total 364032K, used 285943K [0x00000000c0000000, 0x00000000d6380000, 0x00000000eab00000)
  object space 364032K, 78% used [0x00000000c0000000,0x00000000d173dc08,0x00000000d6380000)
 Metaspace       used 79434K, committed 80384K, reserved 1122304K
  class space    used 8045K, committed 8448K, reserved 1048576K
}
Event: 21074.661 GC heap after
{Heap after GC invocations=182 (full 12):
 PSYoungGen      total 35328K, used 3581K [0x00000000eab00000, 0x00000000ed500000, 0x0000000100000000)
  eden space 31744K, 0% used [0x00000000eab00000,0x00000000eab00000,0x00000000eca00000)
  from space 3584K, 99% used [0x00000000eca00000,0x00000000ecd7f7a8,0x00000000ecd80000)
  to   space 4096K, 0% used [0x00000000ed100000,0x00000000ed100000,0x00000000ed500000)
 ParOldGen       total 364032K, used 285999K [0x00000000c0000000, 0x00000000d6380000, 0x00000000eab00000)
  object space 364032K, 78% used [0x00000000c0000000,0x00000000d174bc08,0x00000000d6380000)
 Metaspace       used 79434K, committed 80384K, reserved 1122304K
  class space    used 8045K, committed 8448K, reserved 1048576K
}
Event: 21074.702 GC heap before
{Heap before GC invocations=183 (full 12):
 PSYoungGen      total 35328K, used 35307K [0x00000000eab00000, 0x00000000ed500000, 0x0000000100000000)
  eden space 31744K, 99% used [0x00000000eab00000,0x00000000ec9fb4f8,0x00000000eca00000)
  from space 3584K, 99% used [0x00000000eca00000,0x00000000ecd7f7a8,0x00000000ecd80000)
  to   space 4096K, 0% used [0x00000000ed100000,0x00000000ed100000,0x00000000ed500000)
 ParOldGen       total 364032K, used 285999K [0x00000000c0000000, 0x00000000d6380000, 0x00000000eab00000)
  object space 364032K, 78% used [0x00000000c0000000,0x00000000d174bc08,0x00000000d6380000)
 Metaspace       used 79497K, committed 80448K, reserved 1122304K
  class space    used 8054K, committed 8448K, reserved 1048576K
}
Event: 21074.706 GC heap after
{Heap after GC invocations=183 (full 12):
 PSYoungGen      total 38400K, used 3997K [0x00000000eab00000, 0x00000000ed600000, 0x0000000100000000)
  eden space 34304K, 0% used [0x00000000eab00000,0x00000000eab00000,0x00000000ecc80000)
  from space 4096K, 97% used [0x00000000ed100000,0x00000000ed4e77a8,0x00000000ed500000)
  to   space 4608K, 0% used [0x00000000ecc80000,0x00000000ecc80000,0x00000000ed100000)
 ParOldGen       total 364032K, used 287472K [0x00000000c0000000, 0x00000000d6380000, 0x00000000eab00000)
  object space 364032K, 78% used [0x00000000c0000000,0x00000000d18bc0d8,0x00000000d6380000)
 Metaspace       used 79497K, committed 80448K, reserved 1122304K
  class space    used 8054K, committed 8448K, reserved 1048576K
}
Event: 21074.762 GC heap before
{Heap before GC invocations=184 (full 12):
 PSYoungGen      total 38400K, used 37191K [0x00000000eab00000, 0x00000000ed600000, 0x0000000100000000)
  eden space 34304K, 96% used [0x00000000eab00000,0x00000000ecb6a7e0,0x00000000ecc80000)
  from space 4096K, 97% used [0x00000000ed100000,0x00000000ed4e77a8,0x00000000ed500000)
  to   space 4608K, 0% used [0x00000000ecc80000,0x00000000ecc80000,0x00000000ed100000)
 ParOldGen       total 364032K, used 287472K [0x00000000c0000000, 0x00000000d6380000, 0x00000000eab00000)
  object space 364032K, 78% used [0x00000000c0000000,0x00000000d18bc0d8,0x00000000d6380000)
 Metaspace       used 79507K, committed 80448K, reserved 1122304K
  class space    used 8054K, committed 8448K, reserved 1048576K
}
Event: 21074.765 GC heap after
{Heap after GC invocations=184 (full 12):
 PSYoungGen      total 38912K, used 2240K [0x00000000eab00000, 0x00000000ed580000, 0x0000000100000000)
  eden space 34304K, 0% used [0x00000000eab00000,0x00000000eab00000,0x00000000ecc80000)
  from space 4608K, 48% used [0x00000000ecc80000,0x00000000eceb0000,0x00000000ed100000)
  to   space 3072K, 0% used [0x00000000ed280000,0x00000000ed280000,0x00000000ed580000)
 ParOldGen       total 364032K, used 287480K [0x00000000c0000000, 0x00000000d6380000, 0x00000000eab00000)
  object space 364032K, 78% used [0x00000000c0000000,0x00000000d18be0d8,0x00000000d6380000)
 Metaspace       used 79507K, committed 80448K, reserved 1122304K
  class space    used 8054K, committed 8448K, reserved 1048576K
}
Event: 21074.823 GC heap before
{Heap before GC invocations=185 (full 12):
 PSYoungGen      total 38912K, used 36441K [0x00000000eab00000, 0x00000000ed580000, 0x0000000100000000)
  eden space 34304K, 99% used [0x00000000eab00000,0x00000000ecc667f0,0x00000000ecc80000)
  from space 4608K, 48% used [0x00000000ecc80000,0x00000000eceb0000,0x00000000ed100000)
  to   space 3072K, 0% used [0x00000000ed280000,0x00000000ed280000,0x00000000ed580000)
 ParOldGen       total 364032K, used 287480K [0x00000000c0000000, 0x00000000d6380000, 0x00000000eab00000)
  object space 364032K, 78% used [0x00000000c0000000,0x00000000d18be0d8,0x00000000d6380000)
 Metaspace       used 79516K, committed 80448K, reserved 1122304K
  class space    used 8054K, committed 8448K, reserved 1048576K
}
Event: 21074.825 GC heap after
{Heap after GC invocations=185 (full 12):
 PSYoungGen      total 37376K, used 3065K [0x00000000eab00000, 0x00000000ed580000, 0x0000000100000000)
  eden space 34304K, 0% used [0x00000000eab00000,0x00000000eab00000,0x00000000ecc80000)
  from space 3072K, 99% used [0x00000000ed280000,0x00000000ed57e560,0x00000000ed580000)
  to   space 4608K, 0% used [0x00000000ecc80000,0x00000000ecc80000,0x00000000ed100000)
 ParOldGen       total 364032K, used 288329K [0x00000000c0000000, 0x00000000d6380000, 0x00000000eab00000)
  object space 364032K, 79% used [0x00000000c0000000,0x00000000d1992598,0x00000000d6380000)
 Metaspace       used 79516K, committed 80448K, reserved 1122304K
  class space    used 8054K, committed 8448K, reserved 1048576K
}
Event: 21077.270 GC heap before
{Heap before GC invocations=186 (full 12):
 PSYoungGen      total 37376K, used 37366K [0x00000000eab00000, 0x00000000ed580000, 0x0000000100000000)
  eden space 34304K, 99% used [0x00000000eab00000,0x00000000ecc7f338,0x00000000ecc80000)
  from space 3072K, 99% used [0x00000000ed280000,0x00000000ed57e560,0x00000000ed580000)
  to   space 4608K, 0% used [0x00000000ecc80000,0x00000000ecc80000,0x00000000ed100000)
 ParOldGen       total 364032K, used 288329K [0x00000000c0000000, 0x00000000d6380000, 0x00000000eab00000)
  object space 364032K, 79% used [0x00000000c0000000,0x00000000d1992598,0x00000000d6380000)
 Metaspace       used 79817K, committed 80832K, reserved 1122304K
  class space    used 8086K, committed 8512K, reserved 1048576K
}
Event: 21077.273 GC heap after
{Heap after GC invocations=186 (full 12):
 PSYoungGen      total 36864K, used 2221K [0x00000000eab00000, 0x00000000ed300000, 0x0000000100000000)
  eden space 34304K, 0% used [0x00000000eab00000,0x00000000eab00000,0x00000000ecc80000)
  from space 2560K, 86% used [0x00000000ecc80000,0x00000000eceab578,0x00000000ecf00000)
  to   space 3072K, 0% used [0x00000000ed000000,0x00000000ed000000,0x00000000ed300000)
 ParOldGen       total 364032K, used 288337K [0x00000000c0000000, 0x00000000d6380000, 0x00000000eab00000)
  object space 364032K, 79% used [0x00000000c0000000,0x00000000d1994598,0x00000000d6380000)
 Metaspace       used 79817K, committed 80832K, reserved 1122304K
  class space    used 8086K, committed 8512K, reserved 1048576K
}
Event: 21084.358 GC heap before
{Heap before GC invocations=187 (full 12):
 PSYoungGen      total 36864K, used 36523K [0x00000000eab00000, 0x00000000ed300000, 0x0000000100000000)
  eden space 34304K, 99% used [0x00000000eab00000,0x00000000ecc7f870,0x00000000ecc80000)
  from space 2560K, 86% used [0x00000000ecc80000,0x00000000eceab578,0x00000000ecf00000)
  to   space 3072K, 0% used [0x00000000ed000000,0x00000000ed000000,0x00000000ed300000)
 ParOldGen       total 364032K, used 288337K [0x00000000c0000000, 0x00000000d6380000, 0x00000000eab00000)
  object space 364032K, 79% used [0x00000000c0000000,0x00000000d1994598,0x00000000d6380000)
 Metaspace       used 79897K, committed 80896K, reserved 1122304K
  class space    used 8087K, committed 8512K, reserved 1048576K
}
Event: 21084.362 GC heap after
{Heap after GC invocations=187 (full 12):
 PSYoungGen      total 37376K, used 2573K [0x00000000eab00000, 0x00000000ed300000, 0x0000000100000000)
  eden space 34304K, 0% used [0x00000000eab00000,0x00000000eab00000,0x00000000ecc80000)
  from space 3072K, 83% used [0x00000000ed000000,0x00000000ed283578,0x00000000ed300000)
  to   space 3072K, 0% used [0x00000000ecd00000,0x00000000ecd00000,0x00000000ed000000)
 ParOldGen       total 364032K, used 288345K [0x00000000c0000000, 0x00000000d6380000, 0x00000000eab00000)
  object space 364032K, 79% used [0x00000000c0000000,0x00000000d1996598,0x00000000d6380000)
 Metaspace       used 79897K, committed 80896K, reserved 1122304K
  class space    used 8087K, committed 8512K, reserved 1048576K
}
Event: 21094.186 GC heap before
{Heap before GC invocations=188 (full 12):
 PSYoungGen      total 37376K, used 36877K [0x00000000eab00000, 0x00000000ed300000, 0x0000000100000000)
  eden space 34304K, 100% used [0x00000000eab00000,0x00000000ecc80000,0x00000000ecc80000)
  from space 3072K, 83% used [0x00000000ed000000,0x00000000ed283578,0x00000000ed300000)
  to   space 3072K, 0% used [0x00000000ecd00000,0x00000000ecd00000,0x00000000ed000000)
 ParOldGen       total 364032K, used 288345K [0x00000000c0000000, 0x00000000d6380000, 0x00000000eab00000)
  object space 364032K, 79% used [0x00000000c0000000,0x00000000d1996598,0x00000000d6380000)
 Metaspace       used 79937K, committed 80960K, reserved 1122304K
  class space    used 8088K, committed 8512K, reserved 1048576K
}
Event: 21094.192 GC heap after
{Heap after GC invocations=188 (full 12):
 PSYoungGen      total 37376K, used 3065K [0x00000000eab00000, 0x00000000ed880000, 0x0000000100000000)
  eden space 34304K, 0% used [0x00000000eab00000,0x00000000eab00000,0x00000000ecc80000)
  from space 3072K, 99% used [0x00000000ecd00000,0x00000000ecffe7f0,0x00000000ed000000)
  to   space 6144K, 0% used [0x00000000ed280000,0x00000000ed280000,0x00000000ed880000)
 ParOldGen       total 364032K, used 290565K [0x00000000c0000000, 0x00000000d6380000, 0x00000000eab00000)
  object space 364032K, 79% used [0x00000000c0000000,0x00000000d1bc17d8,0x00000000d6380000)
 Metaspace       used 79937K, committed 80960K, reserved 1122304K
  class space    used 8088K, committed 8512K, reserved 1048576K
}
Event: 21100.704 GC heap before
{Heap before GC invocations=189 (full 12):
 PSYoungGen      total 37376K, used 37369K [0x00000000eab00000, 0x00000000ed880000, 0x0000000100000000)
  eden space 34304K, 100% used [0x00000000eab00000,0x00000000ecc80000,0x00000000ecc80000)
  from space 3072K, 99% used [0x00000000ecd00000,0x00000000ecffe7f0,0x00000000ed000000)
  to   space 6144K, 0% used [0x00000000ed280000,0x00000000ed280000,0x00000000ed880000)
 ParOldGen       total 364032K, used 290565K [0x00000000c0000000, 0x00000000d6380000, 0x00000000eab00000)
  object space 364032K, 79% used [0x00000000c0000000,0x00000000d1bc17d8,0x00000000d6380000)
 Metaspace       used 79987K, committed 80960K, reserved 1122304K
  class space    used 8088K, committed 8512K, reserved 1048576K
}
Event: 21100.714 GC heap after
{Heap after GC invocations=189 (full 12):
 PSYoungGen      total 38400K, used 4061K [0x00000000eab00000, 0x00000000ed680000, 0x0000000100000000)
  eden space 34304K, 0% used [0x00000000eab00000,0x00000000eab00000,0x00000000ecc80000)
  from space 4096K, 99% used [0x00000000ed280000,0x00000000ed6775c0,0x00000000ed680000)
  to   space 4608K, 0% used [0x00000000ecd80000,0x00000000ecd80000,0x00000000ed200000)
 ParOldGen       total 364032K, used 290597K [0x00000000c0000000, 0x00000000d6380000, 0x00000000eab00000)
  object space 364032K, 79% used [0x00000000c0000000,0x00000000d1bc97d8,0x00000000d6380000)
 Metaspace       used 79987K, committed 80960K, reserved 1122304K
  class space    used 8088K, committed 8512K, reserved 1048576K
}

